[0m[[0m[0mdebug[0m] [0m[0m> Exec(early(addDefaultCommands), None, None)[0m
[0m[[0m[0mdebug[0m] [0m[0m> Exec(addDefaultCommands, None, None)[0m
[0m[[0m[0mdebug[0m] [0m[0m> Exec(early(initialize), None, None)[0m
[0m[[0m[0mdebug[0m] [0m[0m> Exec(initialize, None, None)[0m
[0m[[0m[0mdebug[0m] [0m[0m> Exec(boot, None, None)[0m
[0m[[0m[0mdebug[0m] [0m[0m> Exec(writeSbtVersion, None, None)[0m
[0m[[0m[0mdebug[0m] [0m[0m> Exec(reload, None, None)[0m
[0m[[0m[0mdebug[0m] [0m[0m> Exec(sbtStashOnFailure, None, None)[0m
[0m[[0m[0mdebug[0m] [0m[0m> Exec(onFailure loadFailed, None, None)[0m
[0m[[0m[0mdebug[0m] [0m[0m> Exec(loadp, None, None)[0m
[0m[[0m[0minfo[0m] [0m[0mwelcome to sbt 1.11.0 (Oracle Corporation Java 24.0.1)[0m
[0m[[0m[0mdebug[0m] [0m[0mLoad.defaultLoad until apply took 242.5822ms[0m
[0m[[0m[0mdebug[0m] [0m[0m          Load.loadUnit: plugins took 406.6917ms[0m
[0m[[0m[0mdebug[0m] [0m[0m          Load.loadUnit: defsScala took 0.4954ms[0m
[0m[[0m[0mdebug[0m] [0m[0m[Loading] Scanning directory C:\GitHub\ScalaFrontend\project[0m
[0m[[0m[0mdebug[0m] [0m[0m            Load.loadUnit: mkEval took 15.141ms[0m
[0m[[0m[0mdebug[0m] [0m[0m[Loading] Found non-root projects [0m
[0m[[0m[0mdebug[0m] [0m[0m[Loading] Done in C:\GitHub\ScalaFrontend\project, returning: ()[0m
[0m[[0m[0mdebug[0m] [0m[0mdeducing auto plugins based on known facts Set(Atom(sbt.plugins.CorePlugin)) and clauses Clauses(Clause(Atom(sbt.plugins.JvmPlugin),Set(Atom(sbt.plugins.IvyPlugin)))[0m
[0m[[0m[0mdebug[0m] [0m[0mClause(Atom(sbt.ScriptedPlugin),Set(Atom(sbt.plugins.JvmPlugin)))[0m
[0m[[0m[0mdebug[0m] [0m[0mClause(Atom(sbt.plugins.SbtPlugin),Set(Atom(sbt.ScriptedPlugin)))[0m
[0m[[0m[0mdebug[0m] [0m[0mClause(Atom(sbt.plugins.SemanticdbPlugin),Set(Atom(sbt.plugins.JvmPlugin)))[0m
[0m[[0m[0mdebug[0m] [0m[0mClause(Atom(sbt.plugins.JUnitXmlReportPlugin),Set(Atom(sbt.plugins.JvmPlugin)))[0m
[0m[[0m[0mdebug[0m] [0m[0mClause(Atom(sbt.plugins.MiniDependencyTreePlugin),Set(Atom(sbt.plugins.JvmPlugin)))[0m
[0m[[0m[0mdebug[0m] [0m[0mClause(Atom(sbt.plugins.CorePlugin),Set(Atom(sbt.plugins.IvyPlugin)))[0m
[0m[[0m[0mdebug[0m] [0m[0mClause(Atom(sbt.plugins.IvyPlugin),Set(Atom(sbt.plugins.JvmPlugin)))[0m
[0m[[0m[0mdebug[0m] [0m[0mClause(Atom(sbt.plugins.JvmPlugin),Set(Atom(sbt.plugins.SemanticdbPlugin)))[0m
[0m[[0m[0mdebug[0m] [0m[0mClause(Atom(sbt.plugins.JvmPlugin),Set(Atom(sbt.plugins.JUnitXmlReportPlugin)))[0m
[0m[[0m[0mdebug[0m] [0m[0mClause(Atom(sbt.plugins.CorePlugin),Set(Atom(sbt.plugins.Giter8TemplatePlugin)))[0m
[0m[[0m[0mdebug[0m] [0m[0mClause(Atom(sbt.plugins.JvmPlugin),Set(Atom(sbt.plugins.MiniDependencyTreePlugin))))[0m
[0m[[0m[0mdebug[0m] [0m[0m  :: deduced result: Matched(sbt.plugins.CorePlugin,sbt.plugins.Giter8TemplatePlugin,sbt.plugins.IvyPlugin,sbt.plugins.JvmPlugin,sbt.plugins.MiniDependencyTreePlugin,sbt.plugins.JUnitXmlReportPlugin,sbt.plugins.SemanticdbPlugin)[0m
[0m[[0m[0mdebug[0m] [0m[0mPlugins.deducer#function took 42.9379 ms[0m
[0m[[0m[0minfo[0m] [0m[0mloading settings for project scalafrontend-build from plugins.sbt...[0m
[0m[[0m[0mdebug[0m] [0m[0m              Load.resolveProject(scalafrontend-build) took 96.7818ms[0m
[0m[[0m[0mdebug[0m] [0m[0m            Load.loadTransitive: finalizeProject(Project(id scalafrontend-build, base: C:\GitHub\ScalaFrontend\project, plugins: List(<none>))) took 165.1745ms[0m
[0m[[0m[0mdebug[0m] [0m[0m[Loading] Done in C:\GitHub\ScalaFrontend\project, returning: (scalafrontend-build)[0m
[0m[[0m[0mdebug[0m] [0m[0m          Load.loadUnit: loadedProjectsRaw took 7900.1494ms[0m
[0m[[0m[0mdebug[0m] [0m[0m          Load.loadUnit: cleanEvalClasses took 124.9713ms[0m
[0m[[0m[0mdebug[0m] [0m[0m        Load.loadUnit(file:/C:/GitHub/ScalaFrontend/project/, ...) took 8454.0869ms[0m
[0m[[0m[0mdebug[0m] [0m[0m      Load.apply: load took 8775.1088ms[0m
[0m[[0m[0mdebug[0m] [0m[0m      Load.apply: resolveProjects took 17.1299ms[0m
[0m[[0m[0mdebug[0m] [0m[0m      Load.apply: finalTransforms took 163.5693ms[0m
[0m[[0m[0mdebug[0m] [0m[0m      Load.apply: config.delegates took 31.3979ms[0m
[0m[[0m[0mdebug[0m] [0m[0m      Load.apply: Def.make(settings)... took 1074.0231ms[0m
[0m[[0m[0mdebug[0m] [0m[0m      Load.apply: structureIndex took 200.2656ms[0m
[0m[[0m[0mdebug[0m] [0m[0m      Load.apply: mkStreams took 3.649ms[0m
[0m[[0m[0minfo[0m] [0m[0mloading project definition from C:\GitHub\ScalaFrontend\project[0m
[0m[[0m[0mdebug[0m] [0m[0mRunning task... Cancel: Signal, check cycles: false, forcegc: true[0m
[0m[[0m[0minfo[0m] [0m[0mUpdating scalafrontend-build[0m
[0m[[0m[0minfo[0m] [0m[0mResolved scalafrontend-build dependencies[0m
[0m[[0m[0minfo[0m] [0m[0mFetching artifacts of scalafrontend-build[0m
[0m[[0m[0minfo[0m] [0m[0mFetched artifacts of scalafrontend-build[0m
[0m[[0m[0mdebug[0m] [0m[0m    Load.loadUnit: plugins took 16220.5995ms[0m
[0m[[0m[0mdebug[0m] [0m[0m    Load.loadUnit: defsScala took 0.0024ms[0m
[0m[[0m[0mdebug[0m] [0m[0m[Loading] Scanning directory C:\GitHub\ScalaFrontend[0m
[0m[[0m[0mdebug[0m] [0m[0m      Load.loadUnit: mkEval took 0.2731ms[0m
[0m[[0m[0mdebug[0m] [0m[0m[Loading] Found root project root w/ remaining sharedJVM,sharedJS,frontend,backend[0m
[0m[[0m[0mdebug[0m] [0m[0mdeducing auto plugins based on known facts Set(Atom(sbt.plugins.CorePlugin)) and clauses Clauses(Clause(Atom(sbt.plugins.JvmPlugin),Set(Atom(sbt.plugins.IvyPlugin)))[0m
[0m[[0m[0mdebug[0m] [0m[0mClause(Atom(sbt.ScriptedPlugin),Set(Atom(sbt.plugins.JvmPlugin)))[0m
[0m[[0m[0mdebug[0m] [0m[0mClause(Atom(sbt.plugins.SbtPlugin),Set(Atom(sbt.ScriptedPlugin)))[0m
[0m[[0m[0mdebug[0m] [0m[0mClause(Atom(sbt.plugins.SemanticdbPlugin),Set(Atom(sbt.plugins.JvmPlugin)))[0m
[0m[[0m[0mdebug[0m] [0m[0mClause(Atom(sbt.plugins.JUnitXmlReportPlugin),Set(Atom(sbt.plugins.JvmPlugin)))[0m
[0m[[0m[0mdebug[0m] [0m[0mClause(Atom(sbt.plugins.MiniDependencyTreePlugin),Set(Atom(sbt.plugins.JvmPlugin)))[0m
[0m[[0m[0mdebug[0m] [0m[0mClause(Atom(org.scalajs.sbtplugin.ScalaJSJUnitPlugin),Set(Atom(org.scalajs.sbtplugin.ScalaJSPlugin)))[0m
[0m[[0m[0mdebug[0m] [0m[0mClause(Atom(org.scalajs.sbtplugin.ScalaJSPlugin),Set(Atom(sbt.plugins.JvmPlugin)))[0m
[0m[[0m[0mdebug[0m] [0m[0mClause(Atom(sbtcrossproject.CrossPlugin),Set(Atom(sbt.plugins.JvmPlugin)))[0m
[0m[[0m[0mdebug[0m] [0m[0mClause(Atom(scalajscrossproject.ScalaJSCrossPlugin),Set(Atom(org.scalajs.sbtplugin.ScalaJSPlugin)))[0m
[0m[[0m[0mdebug[0m] [0m[0mClause(Atom(org.portablescala.sbtplatformdeps.PlatformDepsPlugin),Set(Atom(sbt.plugins.JvmPlugin)))[0m
[0m[[0m[0mdebug[0m] [0m[0mClause(Atom(sbt.plugins.CorePlugin),Set(Atom(sbt.plugins.IvyPlugin)))[0m
[0m[[0m[0mdebug[0m] [0m[0mClause(Atom(sbt.plugins.IvyPlugin),Set(Atom(sbt.plugins.JvmPlugin)))[0m
[0m[[0m[0mdebug[0m] [0m[0mClause(Atom(sbt.plugins.JvmPlugin),Set(Atom(sbt.plugins.SemanticdbPlugin)))[0m
[0m[[0m[0mdebug[0m] [0m[0mClause(Atom(sbt.plugins.JvmPlugin),Set(Atom(sbt.plugins.JUnitXmlReportPlugin)))[0m
[0m[[0m[0mdebug[0m] [0m[0mClause(Atom(sbt.plugins.CorePlugin),Set(Atom(sbt.plugins.Giter8TemplatePlugin)))[0m
[0m[[0m[0mdebug[0m] [0m[0mClause(Atom(sbt.plugins.JvmPlugin),Set(Atom(sbt.plugins.MiniDependencyTreePlugin)))[0m
[0m[[0m[0mdebug[0m] [0m[0mClause(Atom(sbt.plugins.JvmPlugin),Set(Atom(sbtcrossproject.CrossPlugin)))[0m
[0m[[0m[0mdebug[0m] [0m[0mClause(Atom(org.scalajs.sbtplugin.ScalaJSPlugin),Set(Atom(scalajscrossproject.ScalaJSCrossPlugin)))[0m
[0m[[0m[0mdebug[0m] [0m[0mClause(Atom(sbt.plugins.JvmPlugin),Set(Atom(org.portablescala.sbtplatformdeps.PlatformDepsPlugin))))[0m
[0m[[0m[0mdebug[0m] [0m[0m  :: deduced result: Matched(sbt.plugins.CorePlugin,sbt.plugins.Giter8TemplatePlugin,sbt.plugins.IvyPlugin,sbt.plugins.JvmPlugin,org.portablescala.sbtplatformdeps.PlatformDepsPlugin,sbt.plugins.SemanticdbPlugin,sbt.plugins.JUnitXmlReportPlugin,sbtcrossproject.CrossPlugin,sbt.plugins.MiniDependencyTreePlugin)[0m
[0m[[0m[0mdebug[0m] [0m[0mPlugins.deducer#function took 4.1966 ms[0m
[0m[[0m[0minfo[0m] [0m[0mloading settings for project root from build.sbt...[0m
[0m[[0m[0mdebug[0m] [0m[0m        Load.resolveProject(root) took 3.381ms[0m
[0m[[0m[0mdebug[0m] [0m[0m      Load.loadTransitive: finalizeProject(Project(id root, base: C:\GitHub\ScalaFrontend, aggregate: List(LocalProject(frontend), LocalProject(backend), LocalProject(sharedJS), LocalProject(sharedJVM)), plugins: List(<none>))) took 9.8653ms[0m
[0m[[0m[0mdebug[0m] [0m[0m[Loading] Loading project sharedJVM @ C:\GitHub\ScalaFrontend\shared\jvm[0m
[0m[[0m[0mdebug[0m] [0m[0mdeducing auto plugins based on known facts Set(Atom(sbt.plugins.CorePlugin)) and clauses Clauses(Clause(Atom(sbt.plugins.JvmPlugin),Set(Atom(sbt.plugins.IvyPlugin)))[0m
[0m[[0m[0mdebug[0m] [0m[0mClause(Atom(sbt.ScriptedPlugin),Set(Atom(sbt.plugins.JvmPlugin)))[0m
[0m[[0m[0mdebug[0m] [0m[0mClause(Atom(sbt.plugins.SbtPlugin),Set(Atom(sbt.ScriptedPlugin)))[0m
[0m[[0m[0mdebug[0m] [0m[0mClause(Atom(sbt.plugins.SemanticdbPlugin),Set(Atom(sbt.plugins.JvmPlugin)))[0m
[0m[[0m[0mdebug[0m] [0m[0mClause(Atom(sbt.plugins.JUnitXmlReportPlugin),Set(Atom(sbt.plugins.JvmPlugin)))[0m
[0m[[0m[0mdebug[0m] [0m[0mClause(Atom(sbt.plugins.MiniDependencyTreePlugin),Set(Atom(sbt.plugins.JvmPlugin)))[0m
[0m[[0m[0mdebug[0m] [0m[0mClause(Atom(org.scalajs.sbtplugin.ScalaJSJUnitPlugin),Set(Atom(org.scalajs.sbtplugin.ScalaJSPlugin)))[0m
[0m[[0m[0mdebug[0m] [0m[0mClause(Atom(org.scalajs.sbtplugin.ScalaJSPlugin),Set(Atom(sbt.plugins.JvmPlugin)))[0m
[0m[[0m[0mdebug[0m] [0m[0mClause(Atom(sbtcrossproject.CrossPlugin),Set(Atom(sbt.plugins.JvmPlugin)))[0m
[0m[[0m[0mdebug[0m] [0m[0mClause(Atom(scalajscrossproject.ScalaJSCrossPlugin),Set(Atom(org.scalajs.sbtplugin.ScalaJSPlugin)))[0m
[0m[[0m[0mdebug[0m] [0m[0mClause(Atom(org.portablescala.sbtplatformdeps.PlatformDepsPlugin),Set(Atom(sbt.plugins.JvmPlugin)))[0m
[0m[[0m[0mdebug[0m] [0m[0mClause(Atom(sbt.plugins.CorePlugin),Set(Atom(sbt.plugins.IvyPlugin)))[0m
[0m[[0m[0mdebug[0m] [0m[0mClause(Atom(sbt.plugins.IvyPlugin),Set(Atom(sbt.plugins.JvmPlugin)))[0m
[0m[[0m[0mdebug[0m] [0m[0mClause(Atom(sbt.plugins.JvmPlugin),Set(Atom(sbt.plugins.SemanticdbPlugin)))[0m
[0m[[0m[0mdebug[0m] [0m[0mClause(Atom(sbt.plugins.JvmPlugin),Set(Atom(sbt.plugins.JUnitXmlReportPlugin)))[0m
[0m[[0m[0mdebug[0m] [0m[0mClause(Atom(sbt.plugins.CorePlugin),Set(Atom(sbt.plugins.Giter8TemplatePlugin)))[0m
[0m[[0m[0mdebug[0m] [0m[0mClause(Atom(sbt.plugins.JvmPlugin),Set(Atom(sbt.plugins.MiniDependencyTreePlugin)))[0m
[0m[[0m[0mdebug[0m] [0m[0mClause(Atom(sbt.plugins.JvmPlugin),Set(Atom(sbtcrossproject.CrossPlugin)))[0m
[0m[[0m[0mdebug[0m] [0m[0mClause(Atom(org.scalajs.sbtplugin.ScalaJSPlugin),Set(Atom(scalajscrossproject.ScalaJSCrossPlugin)))[0m
[0m[[0m[0mdebug[0m] [0m[0mClause(Atom(sbt.plugins.JvmPlugin),Set(Atom(org.portablescala.sbtplatformdeps.PlatformDepsPlugin))))[0m
[0m[[0m[0mdebug[0m] [0m[0m  :: deduced result: Matched(sbt.plugins.CorePlugin,sbt.plugins.Giter8TemplatePlugin,sbt.plugins.IvyPlugin,sbt.plugins.JvmPlugin,org.portablescala.sbtplatformdeps.PlatformDepsPlugin,sbt.plugins.SemanticdbPlugin,sbt.plugins.JUnitXmlReportPlugin,sbtcrossproject.CrossPlugin,sbt.plugins.MiniDependencyTreePlugin)[0m
[0m[[0m[0mdebug[0m] [0m[0mPlugins.deducer#function took 9.9483 ms[0m
[0m[[0m[0mdebug[0m] [0m[0m      Load.resolveProject(sharedJVM) took 2.1983ms[0m
[0m[[0m[0mdebug[0m] [0m[0m[Loading] Loading project sharedJS @ C:\GitHub\ScalaFrontend\shared\js[0m
[0m[[0m[0mdebug[0m] [0m[0mdeducing auto plugins based on known facts Set(Atom(org.scalajs.sbtplugin.ScalaJSPlugin), Atom(sbt.plugins.CorePlugin)) and clauses Clauses(Clause(Atom(sbt.plugins.JvmPlugin),Set(Atom(sbt.plugins.IvyPlugin)))[0m
[0m[[0m[0mdebug[0m] [0m[0mClause(Atom(sbt.ScriptedPlugin),Set(Atom(sbt.plugins.JvmPlugin)))[0m
[0m[[0m[0mdebug[0m] [0m[0mClause(Atom(sbt.plugins.SbtPlugin),Set(Atom(sbt.ScriptedPlugin)))[0m
[0m[[0m[0mdebug[0m] [0m[0mClause(Atom(sbt.plugins.SemanticdbPlugin),Set(Atom(sbt.plugins.JvmPlugin)))[0m
[0m[[0m[0mdebug[0m] [0m[0mClause(Atom(sbt.plugins.JUnitXmlReportPlugin),Set(Atom(sbt.plugins.JvmPlugin)))[0m
[0m[[0m[0mdebug[0m] [0m[0mClause(Atom(sbt.plugins.MiniDependencyTreePlugin),Set(Atom(sbt.plugins.JvmPlugin)))[0m
[0m[[0m[0mdebug[0m] [0m[0mClause(Atom(org.scalajs.sbtplugin.ScalaJSPlugin),Set(Atom(sbt.plugins.JvmPlugin)))[0m
[0m[[0m[0mdebug[0m] [0m[0mClause(Atom(sbtcrossproject.CrossPlugin),Set(Atom(sbt.plugins.JvmPlugin)))[0m
[0m[[0m[0mdebug[0m] [0m[0mClause(Atom(org.portablescala.sbtplatformdeps.PlatformDepsPlugin),Set(Atom(sbt.plugins.JvmPlugin)))[0m
[0m[[0m[0mdebug[0m] [0m[0mClause(Atom(sbt.plugins.CorePlugin),Set(Atom(sbt.plugins.IvyPlugin)))[0m
[0m[[0m[0mdebug[0m] [0m[0mClause(Atom(sbt.plugins.IvyPlugin),Set(Atom(sbt.plugins.JvmPlugin)))[0m
[0m[[0m[0mdebug[0m] [0m[0mClause(Atom(sbt.plugins.JvmPlugin),Set(Atom(sbt.plugins.SemanticdbPlugin)))[0m
[0m[[0m[0mdebug[0m] [0m[0mClause(Atom(sbt.plugins.JvmPlugin),Set(Atom(sbt.plugins.JUnitXmlReportPlugin)))[0m
[0m[[0m[0mdebug[0m] [0m[0mClause(Atom(sbt.plugins.CorePlugin),Set(Atom(sbt.plugins.Giter8TemplatePlugin)))[0m
[0m[[0m[0mdebug[0m] [0m[0mClause(Atom(sbt.plugins.JvmPlugin),Set(Atom(sbt.plugins.MiniDependencyTreePlugin)))[0m
[0m[[0m[0mdebug[0m] [0m[0mClause(Atom(sbt.plugins.JvmPlugin),Set(Atom(sbtcrossproject.CrossPlugin)))[0m
[0m[[0m[0mdebug[0m] [0m[0mClause(Atom(org.scalajs.sbtplugin.ScalaJSPlugin),Set(Atom(scalajscrossproject.ScalaJSCrossPlugin)))[0m
[0m[[0m[0mdebug[0m] [0m[0mClause(Atom(sbt.plugins.JvmPlugin),Set(Atom(org.portablescala.sbtplatformdeps.PlatformDepsPlugin))))[0m
[0m[[0m[0mdebug[0m] [0m[0m  :: deduced result: Matched(sbt.plugins.CorePlugin,org.scalajs.sbtplugin.ScalaJSPlugin,scalajscrossproject.ScalaJSCrossPlugin,sbt.plugins.Giter8TemplatePlugin,sbt.plugins.IvyPlugin,sbt.plugins.JvmPlugin,org.portablescala.sbtplatformdeps.PlatformDepsPlugin,sbt.plugins.SemanticdbPlugin,sbt.plugins.JUnitXmlReportPlugin,sbtcrossproject.CrossPlugin,sbt.plugins.MiniDependencyTreePlugin)[0m
[0m[[0m[0mdebug[0m] [0m[0mPlugins.deducer#function took 3.954 ms[0m
[0m[[0m[0mdebug[0m] [0m[0m      Load.resolveProject(sharedJS) took 47.3714ms[0m
[0m[[0m[0mdebug[0m] [0m[0m[Loading] Loading project frontend @ C:\GitHub\ScalaFrontend\frontend[0m
[0m[[0m[0mdebug[0m] [0m[0mdeducing auto plugins based on known facts Set(Atom(org.scalajs.sbtplugin.ScalaJSPlugin), Atom(sbt.plugins.CorePlugin)) and clauses Clauses(Clause(Atom(sbt.plugins.JvmPlugin),Set(Atom(sbt.plugins.IvyPlugin)))[0m
[0m[[0m[0mdebug[0m] [0m[0mClause(Atom(sbt.ScriptedPlugin),Set(Atom(sbt.plugins.JvmPlugin)))[0m
[0m[[0m[0mdebug[0m] [0m[0mClause(Atom(sbt.plugins.SbtPlugin),Set(Atom(sbt.ScriptedPlugin)))[0m
[0m[[0m[0mdebug[0m] [0m[0mClause(Atom(sbt.plugins.SemanticdbPlugin),Set(Atom(sbt.plugins.JvmPlugin)))[0m
[0m[[0m[0mdebug[0m] [0m[0mClause(Atom(sbt.plugins.JUnitXmlReportPlugin),Set(Atom(sbt.plugins.JvmPlugin)))[0m
[0m[[0m[0mdebug[0m] [0m[0mClause(Atom(sbt.plugins.MiniDependencyTreePlugin),Set(Atom(sbt.plugins.JvmPlugin)))[0m
[0m[[0m[0mdebug[0m] [0m[0mClause(Atom(org.scalajs.sbtplugin.ScalaJSPlugin),Set(Atom(sbt.plugins.JvmPlugin)))[0m
[0m[[0m[0mdebug[0m] [0m[0mClause(Atom(sbtcrossproject.CrossPlugin),Set(Atom(sbt.plugins.JvmPlugin)))[0m
[0m[[0m[0mdebug[0m] [0m[0mClause(Atom(org.portablescala.sbtplatformdeps.PlatformDepsPlugin),Set(Atom(sbt.plugins.JvmPlugin)))[0m
[0m[[0m[0mdebug[0m] [0m[0mClause(Atom(sbt.plugins.CorePlugin),Set(Atom(sbt.plugins.IvyPlugin)))[0m
[0m[[0m[0mdebug[0m] [0m[0mClause(Atom(sbt.plugins.IvyPlugin),Set(Atom(sbt.plugins.JvmPlugin)))[0m
[0m[[0m[0mdebug[0m] [0m[0mClause(Atom(sbt.plugins.JvmPlugin),Set(Atom(sbt.plugins.SemanticdbPlugin)))[0m
[0m[[0m[0mdebug[0m] [0m[0mClause(Atom(sbt.plugins.JvmPlugin),Set(Atom(sbt.plugins.JUnitXmlReportPlugin)))[0m
[0m[[0m[0mdebug[0m] [0m[0mClause(Atom(sbt.plugins.CorePlugin),Set(Atom(sbt.plugins.Giter8TemplatePlugin)))[0m
[0m[[0m[0mdebug[0m] [0m[0mClause(Atom(sbt.plugins.JvmPlugin),Set(Atom(sbt.plugins.MiniDependencyTreePlugin)))[0m
[0m[[0m[0mdebug[0m] [0m[0mClause(Atom(sbt.plugins.JvmPlugin),Set(Atom(sbtcrossproject.CrossPlugin)))[0m
[0m[[0m[0mdebug[0m] [0m[0mClause(Atom(org.scalajs.sbtplugin.ScalaJSPlugin),Set(Atom(scalajscrossproject.ScalaJSCrossPlugin)))[0m
[0m[[0m[0mdebug[0m] [0m[0mClause(Atom(sbt.plugins.JvmPlugin),Set(Atom(org.portablescala.sbtplatformdeps.PlatformDepsPlugin))))[0m
[0m[[0m[0mdebug[0m] [0m[0m  :: deduced result: Matched(sbt.plugins.CorePlugin,org.scalajs.sbtplugin.ScalaJSPlugin,scalajscrossproject.ScalaJSCrossPlugin,sbt.plugins.Giter8TemplatePlugin,sbt.plugins.IvyPlugin,sbt.plugins.JvmPlugin,org.portablescala.sbtplatformdeps.PlatformDepsPlugin,sbt.plugins.SemanticdbPlugin,sbt.plugins.JUnitXmlReportPlugin,sbtcrossproject.CrossPlugin,sbt.plugins.MiniDependencyTreePlugin)[0m
[0m[[0m[0mdebug[0m] [0m[0mPlugins.deducer#function took 3.564 ms[0m
[0m[[0m[0mdebug[0m] [0m[0m      Load.resolveProject(frontend) took 2.2556ms[0m
[0m[[0m[0mdebug[0m] [0m[0m[Loading] Loading project backend @ C:\GitHub\ScalaFrontend\backend[0m
[0m[[0m[0mdebug[0m] [0m[0mdeducing auto plugins based on known facts Set(Atom(sbt.plugins.CorePlugin)) and clauses Clauses(Clause(Atom(sbt.plugins.JvmPlugin),Set(Atom(sbt.plugins.IvyPlugin)))[0m
[0m[[0m[0mdebug[0m] [0m[0mClause(Atom(sbt.ScriptedPlugin),Set(Atom(sbt.plugins.JvmPlugin)))[0m
[0m[[0m[0mdebug[0m] [0m[0mClause(Atom(sbt.plugins.SbtPlugin),Set(Atom(sbt.ScriptedPlugin)))[0m
[0m[[0m[0mdebug[0m] [0m[0mClause(Atom(sbt.plugins.SemanticdbPlugin),Set(Atom(sbt.plugins.JvmPlugin)))[0m
[0m[[0m[0mdebug[0m] [0m[0mClause(Atom(sbt.plugins.JUnitXmlReportPlugin),Set(Atom(sbt.plugins.JvmPlugin)))[0m
[0m[[0m[0mdebug[0m] [0m[0mClause(Atom(sbt.plugins.MiniDependencyTreePlugin),Set(Atom(sbt.plugins.JvmPlugin)))[0m
[0m[[0m[0mdebug[0m] [0m[0mClause(Atom(org.scalajs.sbtplugin.ScalaJSJUnitPlugin),Set(Atom(org.scalajs.sbtplugin.ScalaJSPlugin)))[0m
[0m[[0m[0mdebug[0m] [0m[0mClause(Atom(org.scalajs.sbtplugin.ScalaJSPlugin),Set(Atom(sbt.plugins.JvmPlugin)))[0m
[0m[[0m[0mdebug[0m] [0m[0mClause(Atom(sbtcrossproject.CrossPlugin),Set(Atom(sbt.plugins.JvmPlugin)))[0m
[0m[[0m[0mdebug[0m] [0m[0mClause(Atom(scalajscrossproject.ScalaJSCrossPlugin),Set(Atom(org.scalajs.sbtplugin.ScalaJSPlugin)))[0m
[0m[[0m[0mdebug[0m] [0m[0mClause(Atom(org.portablescala.sbtplatformdeps.PlatformDepsPlugin),Set(Atom(sbt.plugins.JvmPlugin)))[0m
[0m[[0m[0mdebug[0m] [0m[0mClause(Atom(sbt.plugins.CorePlugin),Set(Atom(sbt.plugins.IvyPlugin)))[0m
[0m[[0m[0mdebug[0m] [0m[0mClause(Atom(sbt.plugins.IvyPlugin),Set(Atom(sbt.plugins.JvmPlugin)))[0m
[0m[[0m[0mdebug[0m] [0m[0mClause(Atom(sbt.plugins.JvmPlugin),Set(Atom(sbt.plugins.SemanticdbPlugin)))[0m
[0m[[0m[0mdebug[0m] [0m[0mClause(Atom(sbt.plugins.JvmPlugin),Set(Atom(sbt.plugins.JUnitXmlReportPlugin)))[0m
[0m[[0m[0mdebug[0m] [0m[0mClause(Atom(sbt.plugins.CorePlugin),Set(Atom(sbt.plugins.Giter8TemplatePlugin)))[0m
[0m[[0m[0mdebug[0m] [0m[0mClause(Atom(sbt.plugins.JvmPlugin),Set(Atom(sbt.plugins.MiniDependencyTreePlugin)))[0m
[0m[[0m[0mdebug[0m] [0m[0mClause(Atom(sbt.plugins.JvmPlugin),Set(Atom(sbtcrossproject.CrossPlugin)))[0m
[0m[[0m[0mdebug[0m] [0m[0mClause(Atom(org.scalajs.sbtplugin.ScalaJSPlugin),Set(Atom(scalajscrossproject.ScalaJSCrossPlugin)))[0m
[0m[[0m[0mdebug[0m] [0m[0mClause(Atom(sbt.plugins.JvmPlugin),Set(Atom(org.portablescala.sbtplatformdeps.PlatformDepsPlugin))))[0m
[0m[[0m[0mdebug[0m] [0m[0m  :: deduced result: Matched(sbt.plugins.CorePlugin,sbt.plugins.Giter8TemplatePlugin,sbt.plugins.IvyPlugin,sbt.plugins.JvmPlugin,org.portablescala.sbtplatformdeps.PlatformDepsPlugin,sbt.plugins.SemanticdbPlugin,sbt.plugins.JUnitXmlReportPlugin,sbtcrossproject.CrossPlugin,sbt.plugins.MiniDependencyTreePlugin)[0m
[0m[[0m[0mdebug[0m] [0m[0mPlugins.deducer#function took 4.815 ms[0m
[0m[[0m[0mdebug[0m] [0m[0m      Load.resolveProject(backend) took 3.412ms[0m
[0m[[0m[0mdebug[0m] [0m[0m[Loading] Done in C:\GitHub\ScalaFrontend, returning: (root, sharedJVM, sharedJS, frontend, backend)[0m
[0m[[0m[0mdebug[0m] [0m[0m    Load.loadUnit: loadedProjectsRaw took 4026.601ms[0m
[0m[[0m[0mdebug[0m] [0m[0m    Load.loadUnit: cleanEvalClasses took 26.4797ms[0m
[0m[[0m[0mdebug[0m] [0m[0m  Load.loadUnit(file:/C:/GitHub/ScalaFrontend/, ...) took 20278.0825ms[0m
[0m[[0m[0mdebug[0m] [0m[0mLoad.apply: load took 20338.4775ms[0m
[0m[[0m[0mdebug[0m] [0m[0mLoad.apply: resolveProjects took 0.9908ms[0m
[0m[[0m[0mdebug[0m] [0m[0mLoad.apply: finalTransforms took 69.7371ms[0m
[0m[[0m[0mdebug[0m] [0m[0mLoad.apply: config.delegates took 1.395ms[0m
[0m[[0m[0mdebug[0m] [0m[0mLoad.apply: Def.make(settings)... took 425.4315ms[0m
[0m[[0m[0mdebug[0m] [0m[0mLoad.apply: structureIndex took 228.9183ms[0m
[0m[[0m[0mdebug[0m] [0m[0mLoad.apply: mkStreams took 0.0035ms[0m
[0m[[0m[0minfo[0m] [0m[0mset current project to frontendportal (in build file:/C:/GitHub/ScalaFrontend/)[0m
[0m[[0m[0mdebug[0m] [0m[0m> Exec(sbtPopOnFailure, None, None)[0m
[0m[[0m[0mdebug[0m] [0m[0m> Exec(resumeFromFailure, None, None)[0m
[0m[[0m[0mdebug[0m] [0m[0m> Exec(notifyUsersAboutShell, None, None)[0m
[0m[[0m[0mdebug[0m] [0m[0m> Exec(iflast shell, None, None)[0m
[0m[[0m[0mdebug[0m] [0m[0m> Exec(backend/run, None, None)[0m
[0m[[0m[0mdebug[0m] [0m[0mEvaluating tasks: backend / Compile / run[0m
[0m[[0m[0mdebug[0m] [0m[0mRunning task... Cancel: Signal, check cycles: false, forcegc: true[0m
[0m[[0m[0minfo[0m] [0m[0mUpdating shared_3[0m
[0m[[0m[0minfo[0m] [0m[0mResolved shared_3 dependencies[0m
[0m[[0m[0minfo[0m] [0m[0mUpdating shared_3[0m
[0m[[0m[0minfo[0m] [0m[0mResolved shared_3 dependencies[0m
[0m[[0m[0minfo[0m] [0m[0mUpdating shared_3[0m
[0m[[0m[0minfo[0m] [0m[0mResolved shared_3 dependencies[0m
[0m[[0m[0minfo[0m] [0m[0mFetching artifacts of shared_3[0m
[0m[[0m[0minfo[0m] [0m[0mFetched artifacts of shared_3[0m
[0m[[0m[0minfo[0m] [0m[0mUpdating temp-module-f02db565ec103839151504cb68a2a8c6f03e291a[0m
[0m[[0m[0minfo[0m] [0m[0mResolved temp-module-f02db565ec103839151504cb68a2a8c6f03e291a dependencies[0m
[0m[[0m[0minfo[0m] [0m[0mUpdating backend_3[0m
[0m[[0m[0minfo[0m] [0m[0mResolved backend_3 dependencies[0m
[0m[[0m[0minfo[0m] [0m[0mFetching artifacts of temp-module-f02db565ec103839151504cb68a2a8c6f03e291a[0m
[0m[[0m[0minfo[0m] [0m[0mFetched artifacts of temp-module-f02db565ec103839151504cb68a2a8c6f03e291a[0m
[0m[[0m[0minfo[0m] [0m[0mFetching artifacts of backend_3[0m
[0m[[0m[0minfo[0m] [0m[0mFetched artifacts of backend_3[0m
[0m[[0m[0minfo[0m] [0m[0mcompiling 1 Scala source to C:\GitHub\ScalaFrontend\shared\jvm\target\scala-3.3.1\classes ...[0m
[0m[[0m[0minfo[0m] [0m[0mcompiling 1 Scala source to C:\GitHub\ScalaFrontend\backend\target\scala-3.3.1\classes ...[0m
